2026-04-19 12:35:10.608 | INFO     | __main__:<module>:4 - Start dataloading Accessoire_Inkoop
2026-04-19 12:35:10.616 | INFO     | __main__:<module>:18 - Tabel geleegd: Accessoire_Inkoop
2026-04-19 12:35:10.619 | INFO     | __main__:<module>:18 - Tabel geleegd: Accessoire_Inkoop_Accessoire
2026-04-19 12:35:10.622 | INFO     | __main__:<module>:18 - Tabel geleegd: Accessoire_Inkoop_Leverancier
2026-04-19 12:35:10.630 | INFO     | __main__:<module>:23 - Delete afgerond
2026-04-19 12:35:10.633 | INFO     | __main__:<module>:28 - 5 leveranciers opgehaald
2026-04-19 12:35:10.642 | INFO     | __main__:<module>:40 - 5 leveranciers geladen
2026-04-19 12:35:10.645 | INFO     | __main__:<module>:45 - 13 accessoires opgehaald
2026-04-19 12:35:10.655 | INFO     | __main__:<module>:57 - 13 accessoires geladen
2026-04-19 12:35:10.658 | INFO     | __main__:<module>:62 - 50 inkoop opgehaald
2026-04-19 12:35:10.667 | INFO     | __main__:<module>:74 - 50 inkoopregels geladen
2026-04-19 12:35:10.669 | INFO     | __main__:<module>:76 - dataloading succesvol afgerond
2026-04-19 12:35:10.672 | INFO     | __main__:<module>:86 - Database connecties gesloten
2026-04-19 12:35:10.702 | INFO     | __main__:<module>:5 - Start dataloading Accessoire_Verkoop
2026-04-19 12:35:10.704 | INFO     | __main__:<module>:19 - Tabel geleegd: Accessoire_Verkoop_Leverancier
2026-04-19 12:35:10.706 | INFO     | __main__:<module>:19 - Tabel geleegd: Accessoire_Verkoop_Accessoire
2026-04-19 12:35:10.708 | INFO     | __main__:<module>:19 - Tabel geleegd: Accessoire_Verkoop_Klant
2026-04-19 12:35:10.710 | INFO     | __main__:<module>:19 - Tabel geleegd: Accessoire_Verkoop_Filiaal
2026-04-19 12:35:10.712 | INFO     | __main__:<module>:19 - Tabel geleegd: Accessoire_Verkoop_Monteur
2026-04-19 12:35:10.714 | INFO     | __main__:<module>:19 - Tabel geleegd: Accessoire_Verkoop
2026-04-19 12:35:10.719 | INFO     | __main__:<module>:24 - Delete afgerond
2026-04-19 12:35:10.723 | INFO     | __main__:<module>:29 - 5 leveranciers opgehaald
2026-04-19 12:35:10.731 | INFO     | __main__:<module>:41 - 5 leveranciers geladen
2026-04-19 12:35:10.733 | INFO     | __main__:<module>:46 - 10 accessoires opgehaald
2026-04-19 12:35:10.741 | INFO     | __main__:<module>:58 - 10 accessoires geladen
2026-04-19 12:35:10.743 | INFO     | __main__:<module>:63 - 20 klanten opgehaald
2026-04-19 12:35:10.751 | INFO     | __main__:<module>:75 - 20 klanten geladen
2026-04-19 12:35:10.753 | INFO     | __main__:<module>:80 - 4 filialen opgehaald
2026-04-19 12:35:10.761 | INFO     | __main__:<module>:92 - 4 filialen geladen
2026-04-19 12:35:10.762 | INFO     | __main__:<module>:97 - 10 monteurs opgehaald
2026-04-19 12:35:10.768 | INFO     | __main__:<module>:109 - 10 monteurs geladen
2026-04-19 12:35:10.770 | INFO     | __main__:<module>:114 - 100 verkoop opgehaald
2026-04-19 12:35:10.776 | INFO     | __main__:<module>:126 - 100 verkoop geladen
2026-04-19 12:35:10.777 | INFO     | __main__:<module>:136 - Database connecties gesloten
2026-04-19 12:35:10.798 | INFO     | __main__:<module>:7 - Start dataloading Onderhoud
2026-04-19 12:35:10.802 | INFO     | __main__:<module>:19 - Tabel geleegd: Onderhoud
2026-04-19 12:35:10.804 | INFO     | __main__:<module>:19 - Tabel geleegd: Onderhoud_Monteur
2026-04-19 12:35:10.806 | INFO     | __main__:<module>:19 - Tabel geleegd: Onderhoud_Fiets
2026-04-19 12:35:10.808 | INFO     | __main__:<module>:19 - Tabel geleegd: Onderhoud_Filiaal
2026-04-19 12:35:10.809 | INFO     | __main__:<module>:19 - Tabel geleegd: Onderhoud_Fabrikant
2026-04-19 12:35:10.814 | INFO     | __main__:<module>:24 - Delete afgerond
2026-04-19 12:35:10.815 | INFO     | __main__:<module>:29 - 11 fabrikanten opgehaald
2026-04-19 12:35:10.820 | INFO     | __main__:<module>:41 - 11 fabrikanten geladen
2026-04-19 12:35:10.822 | INFO     | __main__:<module>:46 - 30 fietsen opgehaald
2026-04-19 12:35:10.828 | INFO     | __main__:<module>:58 - 30 fietsen geladen
2026-04-19 12:35:10.830 | INFO     | __main__:<module>:63 - 5 filialen opgehaald
2026-04-19 12:35:10.837 | INFO     | __main__:<module>:75 - 5 filialen geladen
2026-04-19 12:35:10.838 | INFO     | __main__:<module>:80 - 15 monteurs opgehaald
2026-04-19 12:35:10.844 | INFO     | __main__:<module>:92 - 15 monteurs geladen
2026-04-19 12:35:10.846 | INFO     | __main__:<module>:97 - 50 onderhoud opgehaald
2026-04-19 12:35:10.851 | INFO     | __main__:<module>:109 - 50 onderhoud geladen
2026-04-19 12:35:10.852 | INFO     | __main__:<module>:118 - Database connecties gesloten
2026-04-19 12:35:10.872 | INFO     | __main__:<module>:6 - Start dataloading Fiets inkoop
2026-04-19 12:35:10.876 | INFO     | __main__:<module>:16 - Tabel geleegd: Fiets_Inkoop_Fabrikant
2026-04-19 12:35:10.879 | INFO     | __main__:<module>:16 - Tabel geleegd: Fiets_Inkoop_Fiets
2026-04-19 12:35:10.881 | INFO     | __main__:<module>:16 - Tabel geleegd: Fiets_Inkoop
2026-04-19 12:35:10.888 | INFO     | __main__:<module>:21 - Delete afgerond
2026-04-19 12:35:10.891 | INFO     | __main__:<module>:25 - 10 fabrikanten opgehaald
2026-04-19 12:35:10.897 | INFO     | __main__:<module>:37 - 10 fabrikanten geladen
2026-04-19 12:35:10.899 | INFO     | __main__:<module>:42 - 75 fietsen opgehaald
2026-04-19 12:35:10.905 | INFO     | __main__:<module>:54 - 75 fietsen geladen
2026-04-19 12:35:10.906 | INFO     | __main__:<module>:59 - 100 inkoop opgehaald
2026-04-19 12:35:10.912 | INFO     | __main__:<module>:70 - 100 inkoop geladen
2026-04-19 12:35:10.913 | INFO     | __main__:<module>:80 - Database connecties gesloten
2026-04-19 12:35:10.936 | INFO     | __main__:<module>:9 - Start Data Loading Fietsverkoop
2026-04-19 12:35:10.942 | INFO     | __main__:<module>:23 - Tabel geleegd: Fiets_Verkoop
2026-04-19 12:35:10.945 | INFO     | __main__:<module>:23 - Tabel geleegd: Fiets_Verkoop_Klant
2026-04-19 12:35:10.947 | INFO     | __main__:<module>:23 - Tabel geleegd: Fiets_Verkoop_Monteur
2026-04-19 12:35:10.949 | INFO     | __main__:<module>:23 - Tabel geleegd: Fiets_Verkoop_Fiets
2026-04-19 12:35:10.951 | INFO     | __main__:<module>:23 - Tabel geleegd: Fiets_Verkoop_Filiaal
2026-04-19 12:35:10.952 | INFO     | __main__:<module>:23 - Tabel geleegd: Fiets_Verkoop_Fabrikant
2026-04-19 12:35:10.958 | INFO     | __main__:<module>:29 - Delete afgerond
2026-04-19 12:35:10.961 | INFO     | __main__:<module>:35 - 10 fabrikanten opgehaald
2026-04-19 12:35:10.967 | INFO     | __main__:<module>:46 - 10 fabrikanten geladen
2026-04-19 12:35:10.969 | INFO     | __main__:<module>:51 - 75 fietsen opgehaald
2026-04-19 12:35:10.974 | INFO     | __main__:<module>:60 - 75 fietsen geladen
2026-04-19 12:35:10.976 | INFO     | __main__:<module>:65 - 4 filialen opgehaald
2026-04-19 12:35:10.982 | INFO     | __main__:<module>:74 - 4 filialen geladen
2026-04-19 12:35:10.983 | INFO     | __main__:<module>:79 - 10 monteurs opgehaald
2026-04-19 12:35:10.987 | INFO     | __main__:<module>:88 - 10 monteurs geladen
2026-04-19 12:35:10.989 | INFO     | __main__:<module>:93 - 25 klanten opgehaald
2026-04-19 12:35:10.995 | INFO     | __main__:<module>:102 - 25 klanten geladen
2026-04-19 12:35:10.997 | INFO     | __main__:<module>:107 - 150 verkoop opgehaald
2026-04-19 12:35:11.001 | INFO     | __main__:<module>:116 - 150 verkoop geladen
2026-04-19 12:35:11.002 | INFO     | __main__:<module>:128 - Database connecties gesloten
